[01-04 13:23:41]: [INFO] Created column 'regdate' and set the current timestamp, 1767533021467, to all 0 rows
[01-04 13:23:41]: [INFO] SQLite Setup finished
[01-04 13:23:41]: [INFO] Hooked into LuckPerms!
[01-04 13:23:41]: [INFO] Hooked successfully into Essentials
[01-04 13:23:41]: [INFO] Essentials spawn file not found: '/data/plugins/Essentials/spawn.yml'
[01-04 13:23:41]: [WARN] WARNING! The protectInventory feature requires ProtocolLib! Disabling it...
[01-04 13:23:41]: [INFO] AuthMe 5.6.0 build n.CUSTOM successfully enabled!
[01-04 13:23:44]: [INFO] Downloading GEO IP database, because the old database is older than 30 days or doesn't exist
[01-04 13:23:44]: [WARN] No MaxMind credentials found in the configuration file! GeoIp protections will be disabled.
[01-04 13:23:44]: [INFO] There is no newer GEO IP database uploaded to MaxMind. Using the old one for now.
[01-04 13:23:44]: [WARN] Could not download GeoLiteAPI database [FileNotFoundException]: plugins/AuthMe/GeoLite2-Country.mmdb (No such file or directory)
[01-04 13:23:44]: java.io.FileNotFoundException: plugins/AuthMe/GeoLite2-Country.mmdb (No such file or directory)
	at java.base/java.io.RandomAccessFile.open0(Native Method)
	at java.base/java.io.RandomAccessFile.open(Unknown Source)
	at java.base/java.io.RandomAccessFile.<init>(Unknown Source)
	at java.base/java.io.RandomAccessFile.<init>(Unknown Source)
	at fr.xephi.authme.libs.com.maxmind.db.BufferHolder.<init>(BufferHolder.java:20)
	at fr.xephi.authme.libs.com.maxmind.db.Reader.<init>(Reader.java:121)
	at fr.xephi.authme.service.GeoIpService.startReading(GeoIpService.java:179)
	at fr.xephi.authme.service.GeoIpService.updateDatabase(GeoIpService.java:150)
	at TRANSFORMER/forge@47.4.13/org.bukkit.craftbukkit.v1_20_R1.scheduler.CraftTask.run(CraftTask.java:78)
	at TRANSFORMER/forge@47.4.13/org.bukkit.craftbukkit.v1_20_R1.scheduler.CraftAsyncTask.run(CraftAsyncTask.java:55)
	at java.base/java.util.concurrent.ThreadPoolExecutor.runWorker(Unknown Source)
	at java.base/java.util.concurrent.ThreadPoolExecutor$Worker.run(Unknown Source)
	at java.base/java.lang.Thread.run(Unknown Source)

[01-04 13:29:17]: [FINE] Nicodav28 registered 10.42.0.1
[01-04 13:29:17]: [FINE] Nicodav28 logged in 10.42.0.1
